2018-02-01 17:23:27,407 ERROR: Exception on /student/choose_class [GET] [in /usr/local/lib/python3.5/dist-packages/flask/app.py:1560]
Traceback (most recent call last):
  File "/usr/local/lib/python3.5/dist-packages/flask/app.py", line 1982, in wsgi_app
    response = self.full_dispatch_request()
  File "/usr/local/lib/python3.5/dist-packages/flask/app.py", line 1614, in full_dispatch_request
    rv = self.handle_user_exception(e)
  File "/usr/local/lib/python3.5/dist-packages/flask/app.py", line 1517, in handle_user_exception
    reraise(exc_type, exc_value, tb)
  File "/usr/local/lib/python3.5/dist-packages/flask/_compat.py", line 33, in reraise
    raise value
  File "/usr/local/lib/python3.5/dist-packages/flask/app.py", line 1612, in full_dispatch_request
    rv = self.dispatch_request()
  File "/usr/local/lib/python3.5/dist-packages/flask/app.py", line 1598, in dispatch_request
    return self.view_functions[rule.endpoint](**req.view_args)
  File "/home/signit/桌面/Graduation design/main/routes.py", line 593, in student_choose_class
    return render_template('student_choose_class.html', Teacher=False, Week_list=Week_list)
  File "/usr/local/lib/python3.5/dist-packages/flask/templating.py", line 133, in render_template
    return _render(ctx.app.jinja_env.get_or_select_template(template_name_or_list),
  File "/usr/lib/python3/dist-packages/jinja2/environment.py", line 851, in get_or_select_template
    return self.get_template(template_name_or_list, parent, globals)
  File "/usr/lib/python3/dist-packages/jinja2/environment.py", line 812, in get_template
    return self._load_template(name, self.make_globals(globals))
  File "/usr/lib/python3/dist-packages/jinja2/environment.py", line 786, in _load_template
    template = self.loader.load(self, name, globals)
  File "/usr/lib/python3/dist-packages/jinja2/loaders.py", line 125, in load
    code = environment.compile(source, name, filename)
  File "/usr/lib/python3/dist-packages/jinja2/environment.py", line 565, in compile
    self.handle_exception(exc_info, source_hint=source_hint)
  File "/usr/lib/python3/dist-packages/jinja2/environment.py", line 754, in handle_exception
    reraise(exc_type, exc_value, tb)
  File "/usr/lib/python3/dist-packages/jinja2/_compat.py", line 37, in reraise
    raise value.with_traceback(tb)
  File "/home/signit/桌面/Graduation design/main/templates/student_choose_class.html", line 98, in template
    {% endif %}
  File "/usr/lib/python3/dist-packages/jinja2/environment.py", line 470, in _parse
    return Parser(self, source, name, encode_filename(filename)).parse()
  File "/usr/lib/python3/dist-packages/jinja2/parser.py", line 897, in parse
    result = nodes.Template(self.subparse(), lineno=1)
  File "/usr/lib/python3/dist-packages/jinja2/parser.py", line 879, in subparse
    rv = self.parse_statement()
  File "/usr/lib/python3/dist-packages/jinja2/parser.py", line 135, in parse_statement
    self.fail_unknown_tag(token.value, token.lineno)
  File "/usr/lib/python3/dist-packages/jinja2/parser.py", line 88, in fail_unknown_tag
    return self._fail_ut_eof(name, self._end_token_stack, lineno)
  File "/usr/lib/python3/dist-packages/jinja2/parser.py", line 81, in _fail_ut_eof
    self.fail(' '.join(message), lineno)
  File "/usr/lib/python3/dist-packages/jinja2/parser.py", line 50, in fail
    raise exc(msg, lineno, self.name, self.filename)
jinja2.exceptions.TemplateSyntaxError: Encountered unknown tag 'endif'.
2018-02-01 20:10:44,125 ERROR: Exception on /student/choose_class/confirm [POST] [in /usr/local/lib/python3.5/dist-packages/flask/app.py:1560]
Traceback (most recent call last):
  File "/usr/local/lib/python3.5/dist-packages/flask/app.py", line 1982, in wsgi_app
    response = self.full_dispatch_request()
  File "/usr/local/lib/python3.5/dist-packages/flask/app.py", line 1614, in full_dispatch_request
    rv = self.handle_user_exception(e)
  File "/usr/local/lib/python3.5/dist-packages/flask/app.py", line 1517, in handle_user_exception
    reraise(exc_type, exc_value, tb)
  File "/usr/local/lib/python3.5/dist-packages/flask/_compat.py", line 33, in reraise
    raise value
  File "/usr/local/lib/python3.5/dist-packages/flask/app.py", line 1612, in full_dispatch_request
    rv = self.dispatch_request()
  File "/usr/local/lib/python3.5/dist-packages/flask/app.py", line 1598, in dispatch_request
    return self.view_functions[rule.endpoint](**req.view_args)
  File "/home/signit/桌面/Graduation design/main/routes.py", line 682, in student_choose_class_confirm
    student_choose_class(student, choose_class)
TypeError: student_choose_class() takes 0 positional arguments but 2 were given
2018-02-02 10:16:42,179 ERROR: Exception on /student_cat_class_list [GET] [in /usr/local/lib/python3.5/dist-packages/flask/app.py:1560]
Traceback (most recent call last):
  File "/usr/local/lib/python3.5/dist-packages/flask/app.py", line 1982, in wsgi_app
    response = self.full_dispatch_request()
  File "/usr/local/lib/python3.5/dist-packages/flask/app.py", line 1614, in full_dispatch_request
    rv = self.handle_user_exception(e)
  File "/usr/local/lib/python3.5/dist-packages/flask/app.py", line 1517, in handle_user_exception
    reraise(exc_type, exc_value, tb)
  File "/usr/local/lib/python3.5/dist-packages/flask/_compat.py", line 33, in reraise
    raise value
  File "/usr/local/lib/python3.5/dist-packages/flask/app.py", line 1612, in full_dispatch_request
    rv = self.dispatch_request()
  File "/usr/local/lib/python3.5/dist-packages/flask/app.py", line 1598, in dispatch_request
    return self.view_functions[rule.endpoint](**req.view_args)
  File "/home/signit/桌面/Graduation design/main/routes.py", line 716, in student_cat_class_list
    return render_template('student_cat_class_list.html', Weeklist=Weeklist, class_am_1=class_am_1, class_am_2=class_am_2, class_am_3=class_am_3, class_am_4=class_am_4, class_am_5=class_am_5, class_am_6=class_am_6, class_am_7=class_am_7, class_pm_1=class_pm_1, class_pm_2=class_pm_2, class_pm_3=class_pm_3, class_pm_4=class_pm_4, class_pm_5=class_pm_5, class_pm_6=class_pm_6, class_pm_7=class_pm_7)
  File "/usr/local/lib/python3.5/dist-packages/flask/templating.py", line 134, in render_template
    context, ctx.app)
  File "/usr/local/lib/python3.5/dist-packages/flask/templating.py", line 116, in _render
    rv = template.render(context)
  File "/usr/lib/python3/dist-packages/jinja2/environment.py", line 989, in render
    return self.environment.handle_exception(exc_info, True)
  File "/usr/lib/python3/dist-packages/jinja2/environment.py", line 754, in handle_exception
    reraise(exc_type, exc_value, tb)
  File "/usr/lib/python3/dist-packages/jinja2/_compat.py", line 37, in reraise
    raise value.with_traceback(tb)
  File "/home/signit/桌面/Graduation design/main/templates/student_cat_class_list.html", line 36, in top-level template code
    <h4 class="example-title">本周: {{Week_list[0]}}--{{Week_list[6]}}
  File "/usr/lib/python3/dist-packages/jinja2/environment.py", line 389, in getitem
    return obj[argument]
jinja2.exceptions.UndefinedError: 'Week_list' is undefined
2018-02-03 10:24:48,344 ERROR: Exception on /admin/public/test [POST] [in /usr/local/lib/python3.5/dist-packages/flask/app.py:1560]
Traceback (most recent call last):
  File "/usr/local/lib/python3.5/dist-packages/flask/app.py", line 1982, in wsgi_app
    response = self.full_dispatch_request()
  File "/usr/local/lib/python3.5/dist-packages/flask/app.py", line 1614, in full_dispatch_request
    rv = self.handle_user_exception(e)
  File "/usr/local/lib/python3.5/dist-packages/flask/app.py", line 1517, in handle_user_exception
    reraise(exc_type, exc_value, tb)
  File "/usr/local/lib/python3.5/dist-packages/flask/_compat.py", line 33, in reraise
    raise value
  File "/usr/local/lib/python3.5/dist-packages/flask/app.py", line 1612, in full_dispatch_request
    rv = self.dispatch_request()
  File "/usr/local/lib/python3.5/dist-packages/flask/app.py", line 1598, in dispatch_request
    return self.view_functions[rule.endpoint](**req.view_args)
  File "/home/signit/桌面/Graduation design/main/routes.py", line 745, in admin_public_test
    test_time = time_convert_timestamp(test_time)
  File "/home/signit/桌面/Graduation design/main/make_data.py", line 37, in time_convert_timestamp
    timeArray = time.strptime(change_time, "%Y-%m-%d %H:%M:%S")
  File "/usr/lib/python3.5/_strptime.py", line 504, in _strptime_time
    tt = _strptime(data_string, format)[0]
  File "/usr/lib/python3.5/_strptime.py", line 343, in _strptime
    (data_string, format))
ValueError: time data '' does not match format '%Y-%m-%d %H:%M:%S'
